Analysis & Synthesis report for top
Mon Aug 05 11:50:56 2019
Quartus Prime Version 18.1.0 Build 625 09/12/2018 SJ Lite Edition


---------------------
; Table of Contents ;
---------------------
  1. Legal Notice
  2. Analysis & Synthesis Summary
  3. Analysis & Synthesis Settings
  4. Parallel Compilation
  5. Analysis & Synthesis Source Files Read
  6. Analysis & Synthesis Resource Usage Summary
  7. Analysis & Synthesis Resource Utilization by Entity
  8. Registers Removed During Synthesis
  9. General Register Statistics
 10. Inverted Register Statistics
 11. Multiplexer Restructuring Statistics (Restructuring Performed)
 12. Post-Synthesis Netlist Statistics for Top Partition
 13. Elapsed Time Per Partition
 14. Analysis & Synthesis Messages
 15. Analysis & Synthesis Suppressed Messages



----------------
; Legal Notice ;
----------------
Copyright (C) 2018  Intel Corporation. All rights reserved.
Your use of Intel Corporation's design tools, logic functions 
and other software and tools, and its AMPP partner logic 
functions, and any output files from any of the foregoing 
(including device programming or simulation files), and any 
associated documentation or information are expressly subject 
to the terms and conditions of the Intel Program License 
Subscription Agreement, the Intel Quartus Prime License Agreement,
the Intel FPGA IP License Agreement, or other applicable license
agreement, including, without limitation, that your use is for
the sole purpose of programming logic devices manufactured by
Intel and sold by Intel or its authorized distributors.  Please
refer to the applicable agreement for further details.



+-------------------------------------------------------------------------------+
; Analysis & Synthesis Summary                                                  ;
+---------------------------------+---------------------------------------------+
; Analysis & Synthesis Status     ; Successful - Mon Aug 05 11:50:56 2019       ;
; Quartus Prime Version           ; 18.1.0 Build 625 09/12/2018 SJ Lite Edition ;
; Revision Name                   ; top                                         ;
; Top-level Entity Name           ; top                                         ;
; Family                          ; Cyclone V                                   ;
; Logic utilization (in ALMs)     ; N/A                                         ;
; Total registers                 ; 54                                          ;
; Total pins                      ; 22                                          ;
; Total virtual pins              ; 0                                           ;
; Total block memory bits         ; 0                                           ;
; Total DSP Blocks                ; 0                                           ;
; Total HSSI RX PCSs              ; 0                                           ;
; Total HSSI PMA RX Deserializers ; 0                                           ;
; Total HSSI TX PCSs              ; 0                                           ;
; Total HSSI PMA TX Serializers   ; 0                                           ;
; Total PLLs                      ; 0                                           ;
; Total DLLs                      ; 0                                           ;
+---------------------------------+---------------------------------------------+


+---------------------------------------------------------------------------------------------------------------------------+
; Analysis & Synthesis Settings                                                                                             ;
+---------------------------------------------------------------------------------+--------------------+--------------------+
; Option                                                                          ; Setting            ; Default Value      ;
+---------------------------------------------------------------------------------+--------------------+--------------------+
; Device                                                                          ; 5CSEMA5F31C6       ;                    ;
; Top-level entity name                                                           ; top                ; top                ;
; Family name                                                                     ; Cyclone V          ; Cyclone V          ;
; Use smart compilation                                                           ; Off                ; Off                ;
; Enable parallel Assembler and Timing Analyzer during compilation                ; On                 ; On                 ;
; Enable compact report table                                                     ; Off                ; Off                ;
; Restructure Multiplexers                                                        ; Auto               ; Auto               ;
; MLAB Add Timing Constraints For Mixed-Port Feed-Through Mode Setting Don't Care ; Off                ; Off                ;
; Create Debugging Nodes for IP Cores                                             ; Off                ; Off                ;
; Preserve fewer node names                                                       ; On                 ; On                 ;
; Intel FPGA IP Evaluation Mode                                                   ; Enable             ; Enable             ;
; Verilog Version                                                                 ; Verilog_2001       ; Verilog_2001       ;
; VHDL Version                                                                    ; VHDL_1993          ; VHDL_1993          ;
; State Machine Processing                                                        ; Auto               ; Auto               ;
; Safe State Machine                                                              ; Off                ; Off                ;
; Extract Verilog State Machines                                                  ; On                 ; On                 ;
; Extract VHDL State Machines                                                     ; On                 ; On                 ;
; Ignore Verilog initial constructs                                               ; Off                ; Off                ;
; Iteration limit for constant Verilog loops                                      ; 5000               ; 5000               ;
; Iteration limit for non-constant Verilog loops                                  ; 250                ; 250                ;
; Add Pass-Through Logic to Inferred RAMs                                         ; On                 ; On                 ;
; Infer RAMs from Raw Logic                                                       ; On                 ; On                 ;
; Parallel Synthesis                                                              ; On                 ; On                 ;
; DSP Block Balancing                                                             ; Auto               ; Auto               ;
; NOT Gate Push-Back                                                              ; On                 ; On                 ;
; Power-Up Don't Care                                                             ; On                 ; On                 ;
; Remove Redundant Logic Cells                                                    ; Off                ; Off                ;
; Remove Duplicate Registers                                                      ; On                 ; On                 ;
; Ignore CARRY Buffers                                                            ; Off                ; Off                ;
; Ignore CASCADE Buffers                                                          ; Off                ; Off                ;
; Ignore GLOBAL Buffers                                                           ; Off                ; Off                ;
; Ignore ROW GLOBAL Buffers                                                       ; Off                ; Off                ;
; Ignore LCELL Buffers                                                            ; Off                ; Off                ;
; Ignore SOFT Buffers                                                             ; On                 ; On                 ;
; Limit AHDL Integers to 32 Bits                                                  ; Off                ; Off                ;
; Optimization Technique                                                          ; Balanced           ; Balanced           ;
; Carry Chain Length                                                              ; 70                 ; 70                 ;
; Auto Carry Chains                                                               ; On                 ; On                 ;
; Auto Open-Drain Pins                                                            ; On                 ; On                 ;
; Perform WYSIWYG Primitive Resynthesis                                           ; Off                ; Off                ;
; Auto ROM Replacement                                                            ; On                 ; On                 ;
; Auto RAM Replacement                                                            ; On                 ; On                 ;
; Auto DSP Block Replacement                                                      ; On                 ; On                 ;
; Auto Shift Register Replacement                                                 ; Auto               ; Auto               ;
; Allow Shift Register Merging across Hierarchies                                 ; Auto               ; Auto               ;
; Auto Clock Enable Replacement                                                   ; On                 ; On                 ;
; Strict RAM Replacement                                                          ; Off                ; Off                ;
; Allow Synchronous Control Signals                                               ; On                 ; On                 ;
; Force Use of Synchronous Clear Signals                                          ; Off                ; Off                ;
; Auto Resource Sharing                                                           ; Off                ; Off                ;
; Allow Any RAM Size For Recognition                                              ; Off                ; Off                ;
; Allow Any ROM Size For Recognition                                              ; Off                ; Off                ;
; Allow Any Shift Register Size For Recognition                                   ; Off                ; Off                ;
; Use LogicLock Constraints during Resource Balancing                             ; On                 ; On                 ;
; Ignore translate_off and synthesis_off directives                               ; Off                ; Off                ;
; Timing-Driven Synthesis                                                         ; On                 ; On                 ;
; Report Parameter Settings                                                       ; On                 ; On                 ;
; Report Source Assignments                                                       ; On                 ; On                 ;
; Report Connectivity Checks                                                      ; On                 ; On                 ;
; Ignore Maximum Fan-Out Assignments                                              ; Off                ; Off                ;
; Synchronization Register Chain Length                                           ; 3                  ; 3                  ;
; Power Optimization During Synthesis                                             ; Normal compilation ; Normal compilation ;
; HDL message level                                                               ; Level2             ; Level2             ;
; Suppress Register Optimization Related Messages                                 ; Off                ; Off                ;
; Number of Removed Registers Reported in Synthesis Report                        ; 5000               ; 5000               ;
; Number of Swept Nodes Reported in Synthesis Report                              ; 5000               ; 5000               ;
; Number of Inverted Registers Reported in Synthesis Report                       ; 100                ; 100                ;
; Clock MUX Protection                                                            ; On                 ; On                 ;
; Auto Gated Clock Conversion                                                     ; Off                ; Off                ;
; Block Design Naming                                                             ; Auto               ; Auto               ;
; SDC constraint protection                                                       ; Off                ; Off                ;
; Synthesis Effort                                                                ; Auto               ; Auto               ;
; Shift Register Replacement - Allow Asynchronous Clear Signal                    ; On                 ; On                 ;
; Pre-Mapping Resynthesis Optimization                                            ; Off                ; Off                ;
; Analysis & Synthesis Message Level                                              ; Medium             ; Medium             ;
; Disable Register Merging Across Hierarchies                                     ; Auto               ; Auto               ;
; Resource Aware Inference For Block RAM                                          ; On                 ; On                 ;
; Automatic Parallel Synthesis                                                    ; On                 ; On                 ;
; Partial Reconfiguration Bitstream ID                                            ; Off                ; Off                ;
+---------------------------------------------------------------------------------+--------------------+--------------------+


+------------------------------------------+
; Parallel Compilation                     ;
+----------------------------+-------------+
; Processors                 ; Number      ;
+----------------------------+-------------+
; Number detected on machine ; 4           ;
; Maximum allowed            ; 4           ;
;                            ;             ;
; Average used               ; 1.00        ;
; Maximum used               ; 4           ;
;                            ;             ;
; Usage by Processor         ; % Time Used ;
;     Processor 1            ; 100.0%      ;
;     Processors 2-4         ;   0.1%      ;
+----------------------------+-------------+


+------------------------------------------------------------------------------------------------------------------------------------------------+
; Analysis & Synthesis Source Files Read                                                                                                         ;
+----------------------------------+-----------------+------------------------------+--------------------------------------------------+---------+
; File Name with User-Entered Path ; Used in Netlist ; File Type                    ; File Name with Absolute Path                     ; Library ;
+----------------------------------+-----------------+------------------------------+--------------------------------------------------+---------+
; top.v                            ; yes             ; Auto-Found Verilog HDL File  ; F:/csc258/CSC258-Project/top.v                   ;         ;
; seven_segment_decoder.v          ; yes             ; Auto-Found Verilog HDL File  ; F:/csc258/CSC258-Project/seven_segment_decoder.v ;         ;
+----------------------------------+-----------------+------------------------------+--------------------------------------------------+---------+


+----------------------------------------------------------------------------+
; Analysis & Synthesis Resource Usage Summary                                ;
+---------------------------------------------+------------------------------+
; Resource                                    ; Usage                        ;
+---------------------------------------------+------------------------------+
; Estimate of Logic utilization (ALMs needed) ; 121                          ;
;                                             ;                              ;
; Combinational ALUT usage for logic          ; 211                          ;
;     -- 7 input functions                    ; 0                            ;
;     -- 6 input functions                    ; 29                           ;
;     -- 5 input functions                    ; 15                           ;
;     -- 4 input functions                    ; 68                           ;
;     -- <=3 input functions                  ; 99                           ;
;                                             ;                              ;
; Dedicated logic registers                   ; 54                           ;
;                                             ;                              ;
; I/O pins                                    ; 22                           ;
;                                             ;                              ;
; Total DSP Blocks                            ; 0                            ;
;                                             ;                              ;
; Maximum fan-out node                        ; display_controller:d|refresh ;
; Maximum fan-out                             ; 65                           ;
; Total fan-out                               ; 946                          ;
; Average fan-out                             ; 3.06                         ;
+---------------------------------------------+------------------------------+


+---------------------------------------------------------------------------------------------------------------------------------------------------------------------------------------------------------------------------------------------+
; Analysis & Synthesis Resource Utilization by Entity                                                                                                                                                                                         ;
+-------------------------------------+---------------------+---------------------------+-------------------+------------+------+--------------+-------------------------------------------------------+-----------------------+--------------+
; Compilation Hierarchy Node          ; Combinational ALUTs ; Dedicated Logic Registers ; Block Memory Bits ; DSP Blocks ; Pins ; Virtual Pins ; Full Hierarchy Name                                   ; Entity Name           ; Library Name ;
+-------------------------------------+---------------------+---------------------------+-------------------+------------+------+--------------+-------------------------------------------------------+-----------------------+--------------+
; |top                                ; 211 (0)             ; 54 (0)                    ; 0                 ; 0          ; 22   ; 0            ; |top                                                  ; top                   ; work         ;
;    |display_controller:d|           ; 145 (54)            ; 35 (4)                    ; 0                 ; 0          ; 0    ; 0            ; |top|display_controller:d                             ; display_controller    ; work         ;
;       |randomNumber:myRandomNumber| ; 1 (1)               ; 3 (3)                     ; 0                 ; 0          ; 0    ; 0            ; |top|display_controller:d|randomNumber:myRandomNumber ; randomNumber          ; work         ;
;       |rateCounter:myRateCounter|   ; 90 (90)             ; 28 (28)                   ; 0                 ; 0          ; 0    ; 0            ; |top|display_controller:d|rateCounter:myRateCounter   ; rateCounter           ; work         ;
;    |levelController:l|              ; 15 (15)             ; 10 (10)                   ; 0                 ; 0          ; 0    ; 0            ; |top|levelController:l                                ; levelController       ; work         ;
;    |player:p|                       ; 37 (37)             ; 9 (9)                     ; 0                 ; 0          ; 0    ; 0            ; |top|player:p                                         ; player                ; work         ;
;    |seven_segment_decoder:H0|       ; 7 (0)               ; 0 (0)                     ; 0                 ; 0          ; 0    ; 0            ; |top|seven_segment_decoder:H0                         ; seven_segment_decoder ; work         ;
;       |hex0:s0|                     ; 1 (1)               ; 0 (0)                     ; 0                 ; 0          ; 0    ; 0            ; |top|seven_segment_decoder:H0|hex0:s0                 ; hex0                  ; work         ;
;       |hex1:s1|                     ; 1 (1)               ; 0 (0)                     ; 0                 ; 0          ; 0    ; 0            ; |top|seven_segment_decoder:H0|hex1:s1                 ; hex1                  ; work         ;
;       |hex2:s2|                     ; 1 (1)               ; 0 (0)                     ; 0                 ; 0          ; 0    ; 0            ; |top|seven_segment_decoder:H0|hex2:s2                 ; hex2                  ; work         ;
;       |hex3:s3|                     ; 1 (1)               ; 0 (0)                     ; 0                 ; 0          ; 0    ; 0            ; |top|seven_segment_decoder:H0|hex3:s3                 ; hex3                  ; work         ;
;       |hex4:s4|                     ; 1 (1)               ; 0 (0)                     ; 0                 ; 0          ; 0    ; 0            ; |top|seven_segment_decoder:H0|hex4:s4                 ; hex4                  ; work         ;
;       |hex5:s5|                     ; 1 (1)               ; 0 (0)                     ; 0                 ; 0          ; 0    ; 0            ; |top|seven_segment_decoder:H0|hex5:s5                 ; hex5                  ; work         ;
;       |hex6:s6|                     ; 1 (1)               ; 0 (0)                     ; 0                 ; 0          ; 0    ; 0            ; |top|seven_segment_decoder:H0|hex6:s6                 ; hex6                  ; work         ;
;    |seven_segment_decoder:H1|       ; 7 (0)               ; 0 (0)                     ; 0                 ; 0          ; 0    ; 0            ; |top|seven_segment_decoder:H1                         ; seven_segment_decoder ; work         ;
;       |hex0:s0|                     ; 1 (1)               ; 0 (0)                     ; 0                 ; 0          ; 0    ; 0            ; |top|seven_segment_decoder:H1|hex0:s0                 ; hex0                  ; work         ;
;       |hex1:s1|                     ; 1 (1)               ; 0 (0)                     ; 0                 ; 0          ; 0    ; 0            ; |top|seven_segment_decoder:H1|hex1:s1                 ; hex1                  ; work         ;
;       |hex2:s2|                     ; 1 (1)               ; 0 (0)                     ; 0                 ; 0          ; 0    ; 0            ; |top|seven_segment_decoder:H1|hex2:s2                 ; hex2                  ; work         ;
;       |hex3:s3|                     ; 1 (1)               ; 0 (0)                     ; 0                 ; 0          ; 0    ; 0            ; |top|seven_segment_decoder:H1|hex3:s3                 ; hex3                  ; work         ;
;       |hex4:s4|                     ; 1 (1)               ; 0 (0)                     ; 0                 ; 0          ; 0    ; 0            ; |top|seven_segment_decoder:H1|hex4:s4                 ; hex4                  ; work         ;
;       |hex5:s5|                     ; 1 (1)               ; 0 (0)                     ; 0                 ; 0          ; 0    ; 0            ; |top|seven_segment_decoder:H1|hex5:s5                 ; hex5                  ; work         ;
;       |hex6:s6|                     ; 1 (1)               ; 0 (0)                     ; 0                 ; 0          ; 0    ; 0            ; |top|seven_segment_decoder:H1|hex6:s6                 ; hex6                  ; work         ;
+-------------------------------------+---------------------+---------------------------+-------------------+------------+------+--------------+-------------------------------------------------------+-----------------------+--------------+
Note: For table entries with two numbers listed, the numbers in parentheses indicate the number of resources of the given type used by the specific entity alone. The numbers listed outside of parentheses indicate the total resources of the given type used by the specific entity and all of its sub-entities in the hierarchy.


+----------------------------------------------------------------------------------+
; Registers Removed During Synthesis                                               ;
+----------------------------------------+-----------------------------------------+
; Register name                          ; Reason for Removal                      ;
+----------------------------------------+-----------------------------------------+
; levelController:l|speed[0..3]          ; Stuck at VCC due to stuck port data_in  ;
; levelController:l|speed[20..27]        ; Stuck at GND due to stuck port data_in  ;
; levelController:l|speed[19]            ; Merged with levelController:l|speed[16] ;
; levelController:l|speed[17]            ; Merged with levelController:l|speed[14] ;
; levelController:l|speed[15]            ; Merged with levelController:l|speed[12] ;
; levelController:l|speed[13]            ; Merged with levelController:l|speed[10] ;
; levelController:l|speed[9]             ; Merged with levelController:l|speed[4]  ;
; levelController:l|speed[8]             ; Merged with levelController:l|speed[7]  ;
; Total Number of Removed Registers = 18 ;                                         ;
+----------------------------------------+-----------------------------------------+


+------------------------------------------------------+
; General Register Statistics                          ;
+----------------------------------------------+-------+
; Statistic                                    ; Value ;
+----------------------------------------------+-------+
; Total registers                              ; 54    ;
; Number of registers using Synchronous Clear  ; 3     ;
; Number of registers using Synchronous Load   ; 0     ;
; Number of registers using Asynchronous Clear ; 44    ;
; Number of registers using Asynchronous Load  ; 0     ;
; Number of registers using Clock Enable       ; 9     ;
; Number of registers using Preset             ; 0     ;
+----------------------------------------------+-------+


+---------------------------------------------------------------+
; Inverted Register Statistics                                  ;
+-----------------------------------------------------+---------+
; Inverted Register                                   ; Fan out ;
+-----------------------------------------------------+---------+
; display_controller:d|rateCounter:myRateCounter|q[3] ; 3       ;
; display_controller:d|rateCounter:myRateCounter|q[2] ; 3       ;
; display_controller:d|rateCounter:myRateCounter|q[1] ; 3       ;
; display_controller:d|refresh                        ; 65      ;
; Total number of inverted registers = 4              ;         ;
+-----------------------------------------------------+---------+


+------------------------------------------------------------------------------------------------------------------------------------------------+
; Multiplexer Restructuring Statistics (Restructuring Performed)                                                                                 ;
+--------------------+-----------+---------------+----------------------+------------------------+------------+----------------------------------+
; Multiplexer Inputs ; Bus Width ; Baseline Area ; Area if Restructured ; Saving if Restructured ; Registered ; Example Multiplexer Output       ;
+--------------------+-----------+---------------+----------------------+------------------------+------------+----------------------------------+
; 3:1                ; 4 bits    ; 8 LEs         ; 8 LEs                ; 0 LEs                  ; Yes        ; |top|levelController:l|speed[11] ;
; 3:1                ; 3 bits    ; 6 LEs         ; 6 LEs                ; 0 LEs                  ; Yes        ; |top|levelController:l|speed[18] ;
; 4:1                ; 2 bits    ; 4 LEs         ; 4 LEs                ; 0 LEs                  ; Yes        ; |top|levelController:l|speed[5]  ;
+--------------------+-----------+---------------+----------------------+------------------------+------------+----------------------------------+


+-----------------------------------------------------+
; Post-Synthesis Netlist Statistics for Top Partition ;
+-----------------------+-----------------------------+
; Type                  ; Count                       ;
+-----------------------+-----------------------------+
; arriav_ff             ; 54                          ;
;     CLR               ; 32                          ;
;     CLR SCLR          ; 3                           ;
;     ENA CLR           ; 9                           ;
;     plain             ; 10                          ;
; arriav_lcell_comb     ; 211                         ;
;     arith             ; 36                          ;
;         1 data inputs ; 36                          ;
;     normal            ; 156                         ;
;         1 data inputs ; 4                           ;
;         2 data inputs ; 5                           ;
;         3 data inputs ; 35                          ;
;         4 data inputs ; 68                          ;
;         5 data inputs ; 15                          ;
;         6 data inputs ; 29                          ;
;     shared            ; 19                          ;
;         0 data inputs ; 4                           ;
;         1 data inputs ; 15                          ;
; boundary_port         ; 22                          ;
;                       ;                             ;
; Max LUT depth         ; 6.90                        ;
; Average LUT depth     ; 4.57                        ;
+-----------------------+-----------------------------+


+-------------------------------+
; Elapsed Time Per Partition    ;
+----------------+--------------+
; Partition Name ; Elapsed Time ;
+----------------+--------------+
; Top            ; 00:00:02     ;
+----------------+--------------+


+-------------------------------+
; Analysis & Synthesis Messages ;
+-------------------------------+
Info: *******************************************************************
Info: Running Quartus Prime Analysis & Synthesis
    Info: Version 18.1.0 Build 625 09/12/2018 SJ Lite Edition
    Info: Processing started: Mon Aug 05 11:50:39 2019
Info: Command: quartus_map --read_settings_files=on --write_settings_files=off top -c top
Warning (18236): Number of processors has not been specified which may cause overloading on shared machines.  Set the global assignment NUM_PARALLEL_PROCESSORS in your QSF to an appropriate value for best performance.
Info (20030): Parallel compilation is enabled and will use 4 of the 4 processors detected
Warning (12125): Using design file top.v, which is not specified as a design file for the current project, but contains definitions for 6 design units and 6 entities in project
    Info (12023): Found entity 1: randomNumber File: F:/csc258/CSC258-Project/top.v Line: 79
    Info (12023): Found entity 2: rateCounter File: F:/csc258/CSC258-Project/top.v Line: 99
    Info (12023): Found entity 3: display_controller File: F:/csc258/CSC258-Project/top.v Line: 117
    Info (12023): Found entity 4: player File: F:/csc258/CSC258-Project/top.v Line: 173
    Info (12023): Found entity 5: levelController File: F:/csc258/CSC258-Project/top.v Line: 222
    Info (12023): Found entity 6: top File: F:/csc258/CSC258-Project/top.v Line: 255
Info (12127): Elaborating entity "top" for the top level hierarchy
Info (12128): Elaborating entity "levelController" for hierarchy "levelController:l" File: F:/csc258/CSC258-Project/top.v Line: 278
Info (12128): Elaborating entity "player" for hierarchy "player:p" File: F:/csc258/CSC258-Project/top.v Line: 291
Warning (10036): Verilog HDL or VHDL warning at top.v(188): object "oldButton1" assigned a value but never read File: F:/csc258/CSC258-Project/top.v Line: 188
Warning (10036): Verilog HDL or VHDL warning at top.v(188): object "oldButton2" assigned a value but never read File: F:/csc258/CSC258-Project/top.v Line: 188
Warning (10036): Verilog HDL or VHDL warning at top.v(188): object "oldButton3" assigned a value but never read File: F:/csc258/CSC258-Project/top.v Line: 188
Warning (10230): Verilog HDL assignment warning at top.v(194): truncated value with size 32 to match size of target (1) File: F:/csc258/CSC258-Project/top.v Line: 194
Warning (10230): Verilog HDL assignment warning at top.v(195): truncated value with size 32 to match size of target (8) File: F:/csc258/CSC258-Project/top.v Line: 195
Warning (10230): Verilog HDL assignment warning at top.v(200): truncated value with size 32 to match size of target (1) File: F:/csc258/CSC258-Project/top.v Line: 200
Warning (10230): Verilog HDL assignment warning at top.v(201): truncated value with size 32 to match size of target (8) File: F:/csc258/CSC258-Project/top.v Line: 201
Warning (10230): Verilog HDL assignment warning at top.v(206): truncated value with size 32 to match size of target (1) File: F:/csc258/CSC258-Project/top.v Line: 206
Warning (10230): Verilog HDL assignment warning at top.v(207): truncated value with size 32 to match size of target (8) File: F:/csc258/CSC258-Project/top.v Line: 207
Critical Warning (10237): Verilog HDL warning at top.v(215): can't infer register for assignment in edge-triggered always construct because the clock isn't obvious. Generated combinational logic instead File: F:/csc258/CSC258-Project/top.v Line: 215
Critical Warning (10237): Verilog HDL warning at top.v(216): can't infer register for assignment in edge-triggered always construct because the clock isn't obvious. Generated combinational logic instead File: F:/csc258/CSC258-Project/top.v Line: 216
Critical Warning (10237): Verilog HDL warning at top.v(217): can't infer register for assignment in edge-triggered always construct because the clock isn't obvious. Generated combinational logic instead File: F:/csc258/CSC258-Project/top.v Line: 217
Info (12128): Elaborating entity "display_controller" for hierarchy "display_controller:d" File: F:/csc258/CSC258-Project/top.v Line: 301
Warning (10230): Verilog HDL assignment warning at top.v(148): truncated value with size 32 to match size of target (1) File: F:/csc258/CSC258-Project/top.v Line: 148
Warning (10230): Verilog HDL assignment warning at top.v(149): truncated value with size 32 to match size of target (1) File: F:/csc258/CSC258-Project/top.v Line: 149
Warning (10230): Verilog HDL assignment warning at top.v(150): truncated value with size 32 to match size of target (1) File: F:/csc258/CSC258-Project/top.v Line: 150
Warning (10230): Verilog HDL assignment warning at top.v(151): truncated value with size 32 to match size of target (1) File: F:/csc258/CSC258-Project/top.v Line: 151
Warning (10230): Verilog HDL assignment warning at top.v(152): truncated value with size 32 to match size of target (1) File: F:/csc258/CSC258-Project/top.v Line: 152
Info (12128): Elaborating entity "rateCounter" for hierarchy "display_controller:d|rateCounter:myRateCounter" File: F:/csc258/CSC258-Project/top.v Line: 162
Info (12128): Elaborating entity "randomNumber" for hierarchy "display_controller:d|randomNumber:myRandomNumber" File: F:/csc258/CSC258-Project/top.v Line: 169
Warning (12125): Using design file seven_segment_decoder.v, which is not specified as a design file for the current project, but contains definitions for 8 design units and 8 entities in project
    Info (12023): Found entity 1: seven_segment_decoder File: F:/csc258/CSC258-Project/seven_segment_decoder.v Line: 1
    Info (12023): Found entity 2: hex0 File: F:/csc258/CSC258-Project/seven_segment_decoder.v Line: 56
    Info (12023): Found entity 3: hex1 File: F:/csc258/CSC258-Project/seven_segment_decoder.v Line: 68
    Info (12023): Found entity 4: hex2 File: F:/csc258/CSC258-Project/seven_segment_decoder.v Line: 79
    Info (12023): Found entity 5: hex3 File: F:/csc258/CSC258-Project/seven_segment_decoder.v Line: 90
    Info (12023): Found entity 6: hex4 File: F:/csc258/CSC258-Project/seven_segment_decoder.v Line: 101
    Info (12023): Found entity 7: hex5 File: F:/csc258/CSC258-Project/seven_segment_decoder.v Line: 112
    Info (12023): Found entity 8: hex6 File: F:/csc258/CSC258-Project/seven_segment_decoder.v Line: 123
Info (12128): Elaborating entity "seven_segment_decoder" for hierarchy "seven_segment_decoder:H0" File: F:/csc258/CSC258-Project/top.v Line: 306
Info (12128): Elaborating entity "hex0" for hierarchy "seven_segment_decoder:H0|hex0:s0" File: F:/csc258/CSC258-Project/seven_segment_decoder.v Line: 11
Info (12128): Elaborating entity "hex1" for hierarchy "seven_segment_decoder:H0|hex1:s1" File: F:/csc258/CSC258-Project/seven_segment_decoder.v Line: 18
Info (12128): Elaborating entity "hex2" for hierarchy "seven_segment_decoder:H0|hex2:s2" File: F:/csc258/CSC258-Project/seven_segment_decoder.v Line: 25
Info (12128): Elaborating entity "hex3" for hierarchy "seven_segment_decoder:H0|hex3:s3" File: F:/csc258/CSC258-Project/seven_segment_decoder.v Line: 32
Info (12128): Elaborating entity "hex4" for hierarchy "seven_segment_decoder:H0|hex4:s4" File: F:/csc258/CSC258-Project/seven_segment_decoder.v Line: 39
Info (12128): Elaborating entity "hex5" for hierarchy "seven_segment_decoder:H0|hex5:s5" File: F:/csc258/CSC258-Project/seven_segment_decoder.v Line: 46
Info (12128): Elaborating entity "hex6" for hierarchy "seven_segment_decoder:H0|hex6:s6" File: F:/csc258/CSC258-Project/seven_segment_decoder.v Line: 53
Info (13000): Registers with preset signals will power-up high File: F:/csc258/CSC258-Project/top.v Line: 109
Info (13003): DEV_CLRn pin will set, and not reset, register with preset signal due to NOT Gate Push-Back
Warning (13004): Presettable and clearable registers converted to equivalent circuits with latches. Registers power-up to an undefined state, and DEVCLRn places the registers in an undefined state.
    Warning (13310): Register "player:p|score[0]" is converted into an equivalent circuit using register "player:p|score[0]~_emulated" and latch "player:p|score[0]~1" File: F:/csc258/CSC258-Project/top.v Line: 210
    Warning (13310): Register "player:p|score[1]" is converted into an equivalent circuit using register "player:p|score[1]~_emulated" and latch "player:p|score[1]~5" File: F:/csc258/CSC258-Project/top.v Line: 210
    Warning (13310): Register "player:p|score[3]" is converted into an equivalent circuit using register "player:p|score[3]~_emulated" and latch "player:p|score[3]~9" File: F:/csc258/CSC258-Project/top.v Line: 210
    Warning (13310): Register "player:p|score[2]" is converted into an equivalent circuit using register "player:p|score[2]~_emulated" and latch "player:p|score[2]~13" File: F:/csc258/CSC258-Project/top.v Line: 210
    Warning (13310): Register "player:p|score[5]" is converted into an equivalent circuit using register "player:p|score[5]~_emulated" and latch "player:p|score[5]~17" File: F:/csc258/CSC258-Project/top.v Line: 210
    Warning (13310): Register "player:p|score[4]" is converted into an equivalent circuit using register "player:p|score[4]~_emulated" and latch "player:p|score[4]~21" File: F:/csc258/CSC258-Project/top.v Line: 210
    Warning (13310): Register "player:p|score[7]" is converted into an equivalent circuit using register "player:p|score[7]~_emulated" and latch "player:p|score[7]~25" File: F:/csc258/CSC258-Project/top.v Line: 210
    Warning (13310): Register "player:p|score[6]" is converted into an equivalent circuit using register "player:p|score[6]~_emulated" and latch "player:p|score[6]~29" File: F:/csc258/CSC258-Project/top.v Line: 210
    Warning (13310): Register "display_controller:d|rateCounter:myRateCounter|q[20]" is converted into an equivalent circuit using register "display_controller:d|rateCounter:myRateCounter|q[20]~_emulated" and latch "display_controller:d|rateCounter:myRateCounter|q[20]~1" File: F:/csc258/CSC258-Project/top.v Line: 109
    Warning (13310): Register "display_controller:d|rateCounter:myRateCounter|q[19]" is converted into an equivalent circuit using register "display_controller:d|rateCounter:myRateCounter|q[19]~_emulated" and latch "display_controller:d|rateCounter:myRateCounter|q[19]~5" File: F:/csc258/CSC258-Project/top.v Line: 109
    Warning (13310): Register "display_controller:d|rateCounter:myRateCounter|q[18]" is converted into an equivalent circuit using register "display_controller:d|rateCounter:myRateCounter|q[18]~_emulated" and latch "display_controller:d|rateCounter:myRateCounter|q[18]~9" File: F:/csc258/CSC258-Project/top.v Line: 109
    Warning (13310): Register "display_controller:d|rateCounter:myRateCounter|q[17]" is converted into an equivalent circuit using register "display_controller:d|rateCounter:myRateCounter|q[17]~_emulated" and latch "display_controller:d|rateCounter:myRateCounter|q[17]~13" File: F:/csc258/CSC258-Project/top.v Line: 109
    Warning (13310): Register "display_controller:d|rateCounter:myRateCounter|q[16]" is converted into an equivalent circuit using register "display_controller:d|rateCounter:myRateCounter|q[16]~_emulated" and latch "display_controller:d|rateCounter:myRateCounter|q[16]~17" File: F:/csc258/CSC258-Project/top.v Line: 109
    Warning (13310): Register "display_controller:d|rateCounter:myRateCounter|q[15]" is converted into an equivalent circuit using register "display_controller:d|rateCounter:myRateCounter|q[15]~_emulated" and latch "display_controller:d|rateCounter:myRateCounter|q[15]~21" File: F:/csc258/CSC258-Project/top.v Line: 109
    Warning (13310): Register "display_controller:d|rateCounter:myRateCounter|q[14]" is converted into an equivalent circuit using register "display_controller:d|rateCounter:myRateCounter|q[14]~_emulated" and latch "display_controller:d|rateCounter:myRateCounter|q[14]~25" File: F:/csc258/CSC258-Project/top.v Line: 109
    Warning (13310): Register "display_controller:d|rateCounter:myRateCounter|q[13]" is converted into an equivalent circuit using register "display_controller:d|rateCounter:myRateCounter|q[13]~_emulated" and latch "display_controller:d|rateCounter:myRateCounter|q[13]~29" File: F:/csc258/CSC258-Project/top.v Line: 109
    Warning (13310): Register "display_controller:d|rateCounter:myRateCounter|q[12]" is converted into an equivalent circuit using register "display_controller:d|rateCounter:myRateCounter|q[12]~_emulated" and latch "display_controller:d|rateCounter:myRateCounter|q[12]~33" File: F:/csc258/CSC258-Project/top.v Line: 109
    Warning (13310): Register "display_controller:d|rateCounter:myRateCounter|q[11]" is converted into an equivalent circuit using register "display_controller:d|rateCounter:myRateCounter|q[11]~_emulated" and latch "display_controller:d|rateCounter:myRateCounter|q[11]~37" File: F:/csc258/CSC258-Project/top.v Line: 109
    Warning (13310): Register "display_controller:d|rateCounter:myRateCounter|q[10]" is converted into an equivalent circuit using register "display_controller:d|rateCounter:myRateCounter|q[10]~_emulated" and latch "display_controller:d|rateCounter:myRateCounter|q[10]~41" File: F:/csc258/CSC258-Project/top.v Line: 109
    Warning (13310): Register "display_controller:d|rateCounter:myRateCounter|q[9]" is converted into an equivalent circuit using register "display_controller:d|rateCounter:myRateCounter|q[9]~_emulated" and latch "display_controller:d|rateCounter:myRateCounter|q[9]~45" File: F:/csc258/CSC258-Project/top.v Line: 109
    Warning (13310): Register "display_controller:d|rateCounter:myRateCounter|q[8]" is converted into an equivalent circuit using register "display_controller:d|rateCounter:myRateCounter|q[8]~_emulated" and latch "display_controller:d|rateCounter:myRateCounter|q[8]~49" File: F:/csc258/CSC258-Project/top.v Line: 109
    Warning (13310): Register "display_controller:d|rateCounter:myRateCounter|q[7]" is converted into an equivalent circuit using register "display_controller:d|rateCounter:myRateCounter|q[7]~_emulated" and latch "display_controller:d|rateCounter:myRateCounter|q[7]~53" File: F:/csc258/CSC258-Project/top.v Line: 109
    Warning (13310): Register "display_controller:d|rateCounter:myRateCounter|q[6]" is converted into an equivalent circuit using register "display_controller:d|rateCounter:myRateCounter|q[6]~_emulated" and latch "display_controller:d|rateCounter:myRateCounter|q[6]~57" File: F:/csc258/CSC258-Project/top.v Line: 109
    Warning (13310): Register "display_controller:d|rateCounter:myRateCounter|q[5]" is converted into an equivalent circuit using register "display_controller:d|rateCounter:myRateCounter|q[5]~_emulated" and latch "display_controller:d|rateCounter:myRateCounter|q[5]~61" File: F:/csc258/CSC258-Project/top.v Line: 109
    Warning (13310): Register "display_controller:d|rateCounter:myRateCounter|q[4]" is converted into an equivalent circuit using register "display_controller:d|rateCounter:myRateCounter|q[4]~_emulated" and latch "display_controller:d|rateCounter:myRateCounter|q[4]~65" File: F:/csc258/CSC258-Project/top.v Line: 109
    Warning (13310): Register "player:p|turnoff" is converted into an equivalent circuit using register "player:p|turnoff~_emulated" and latch "player:p|turnoff~1" File: F:/csc258/CSC258-Project/top.v Line: 182
Info (286030): Timing-Driven Synthesis is running
Info (144001): Generated suppressed messages file F:/csc258/CSC258-Project/output_files/top.map.smsg
Info (16010): Generating hard_block partition "hard_block:auto_generated_inst"
    Info (16011): Adding 0 node(s), including 0 DDIO, 0 PLL, 0 transceiver and 0 LCELL
Info (21057): Implemented 245 device resources after synthesis - the final resource count might be different
    Info (21058): Implemented 5 input pins
    Info (21059): Implemented 17 output pins
    Info (21061): Implemented 223 logic cells
Info: Quartus Prime Analysis & Synthesis was successful. 0 errors, 47 warnings
    Info: Peak virtual memory: 4855 megabytes
    Info: Processing ended: Mon Aug 05 11:50:56 2019
    Info: Elapsed time: 00:00:17
    Info: Total CPU time (on all processors): 00:00:25


+------------------------------------------+
; Analysis & Synthesis Suppressed Messages ;
+------------------------------------------+
The suppressed messages can be found in F:/csc258/CSC258-Project/output_files/top.map.smsg.


